c:\users\евгений\documents\visual studio 2015\projects\arkanoid\arkanoid\debug\arkanoid.pch
c:\users\евгений\documents\visual studio 2015\projects\arkanoid\arkanoid\debug\vc140.pdb
c:\users\евгений\documents\visual studio 2015\projects\arkanoid\arkanoid\debug\vc140.idb
c:\users\евгений\documents\visual studio 2015\projects\arkanoid\arkanoid\debug\stdafx.obj
c:\users\евгений\documents\visual studio 2015\projects\arkanoid\arkanoid\debug\arkanoid.obj
c:\users\евгений\documents\visual studio 2015\projects\arkanoid\arkanoid\debug\arkanoid.res
c:\users\евгений\documents\visual studio 2015\projects\arkanoid\debug\arkanoid.pdb
c:\users\евгений\documents\visual studio 2015\projects\arkanoid\arkanoid\debug\arkanoid.tlog\cl.command.1.tlog
c:\users\евгений\documents\visual studio 2015\projects\arkanoid\arkanoid\debug\arkanoid.tlog\cl.read.1.tlog
c:\users\евгений\documents\visual studio 2015\projects\arkanoid\arkanoid\debug\arkanoid.tlog\cl.write.1.tlog
c:\users\евгений\documents\visual studio 2015\projects\arkanoid\arkanoid\debug\arkanoid.tlog\link-cvtres.read.1.tlog
c:\users\евгений\documents\visual studio 2015\projects\arkanoid\arkanoid\debug\arkanoid.tlog\link-cvtres.write.1.tlog
c:\users\евгений\documents\visual studio 2015\projects\arkanoid\arkanoid\debug\arkanoid.tlog\link-rc.read.1.tlog
c:\users\евгений\documents\visual studio 2015\projects\arkanoid\arkanoid\debug\arkanoid.tlog\link-rc.write.1.tlog
c:\users\евгений\documents\visual studio 2015\projects\arkanoid\arkanoid\debug\arkanoid.tlog\link.5456-cvtres.read.1.tlog
c:\users\евгений\documents\visual studio 2015\projects\arkanoid\arkanoid\debug\arkanoid.tlog\link.5456-cvtres.write.1.tlog
c:\users\евгений\documents\visual studio 2015\projects\arkanoid\arkanoid\debug\arkanoid.tlog\link.5456-rc.read.1.tlog
c:\users\евгений\documents\visual studio 2015\projects\arkanoid\arkanoid\debug\arkanoid.tlog\link.5456-rc.write.1.tlog
c:\users\евгений\documents\visual studio 2015\projects\arkanoid\arkanoid\debug\arkanoid.tlog\link.5456.read.1.tlog
c:\users\евгений\documents\visual studio 2015\projects\arkanoid\arkanoid\debug\arkanoid.tlog\link.5456.write.1.tlog
c:\users\евгений\documents\visual studio 2015\projects\arkanoid\arkanoid\debug\arkanoid.tlog\link.command.1.tlog
c:\users\евгений\documents\visual studio 2015\projects\arkanoid\arkanoid\debug\arkanoid.tlog\link.read.1.tlog
c:\users\евгений\documents\visual studio 2015\projects\arkanoid\arkanoid\debug\arkanoid.tlog\link.write.1.tlog
c:\users\евгений\documents\visual studio 2015\projects\arkanoid\arkanoid\debug\arkanoid.tlog\rc.command.1.tlog
c:\users\евгений\documents\visual studio 2015\projects\arkanoid\arkanoid\debug\arkanoid.tlog\rc.read.1.tlog
c:\users\евгений\documents\visual studio 2015\projects\arkanoid\arkanoid\debug\arkanoid.tlog\rc.write.1.tlog
